mode: set
github.com/bludot/goweather/src/github.com/bludot/goweather/rediscache.go:21.32,29.2 3 1
github.com/bludot/goweather/src/github.com/bludot/goweather/rediscache.go:31.63,35.16 4 0
github.com/bludot/goweather/src/github.com/bludot/goweather/rediscache.go:39.2,39.17 1 0
github.com/bludot/goweather/src/github.com/bludot/goweather/rediscache.go:35.16,36.13 1 0
github.com/bludot/goweather/src/github.com/bludot/goweather/rediscache.go:42.53,45.16 3 1
github.com/bludot/goweather/src/github.com/bludot/goweather/rediscache.go:59.2,60.17 2 1
github.com/bludot/goweather/src/github.com/bludot/goweather/rediscache.go:45.16,46.10 1 0
github.com/bludot/goweather/src/github.com/bludot/goweather/rediscache.go:47.25,49.10 2 0
github.com/bludot/goweather/src/github.com/bludot/goweather/rediscache.go:50.19,52.10 2 0
github.com/bludot/goweather/src/github.com/bludot/goweather/rediscache.go:53.18,54.33 1 0
github.com/bludot/goweather/src/github.com/bludot/goweather/weatherAPI.go:16.72,20.16 3 1
github.com/bludot/goweather/src/github.com/bludot/goweather/weatherAPI.go:24.2,24.16 1 1
github.com/bludot/goweather/src/github.com/bludot/goweather/weatherAPI.go:27.2,30.16 4 0
github.com/bludot/goweather/src/github.com/bludot/goweather/weatherAPI.go:33.2,34.16 2 0
github.com/bludot/goweather/src/github.com/bludot/goweather/weatherAPI.go:37.2,38.16 2 0
github.com/bludot/goweather/src/github.com/bludot/goweather/weatherAPI.go:42.2,45.17 4 0
github.com/bludot/goweather/src/github.com/bludot/goweather/weatherAPI.go:20.16,23.3 1 0
github.com/bludot/goweather/src/github.com/bludot/goweather/weatherAPI.go:24.16,26.3 1 1
github.com/bludot/goweather/src/github.com/bludot/goweather/weatherAPI.go:30.16,32.3 1 0
github.com/bludot/goweather/src/github.com/bludot/goweather/weatherAPI.go:34.16,36.3 1 0
github.com/bludot/goweather/src/github.com/bludot/goweather/weatherAPI.go:38.16,40.3 1 0
github.com/bludot/goweather/src/github.com/bludot/goweather/weatherAPI.go:48.66,52.16 3 1
github.com/bludot/goweather/src/github.com/bludot/goweather/weatherAPI.go:56.2,56.16 1 1
github.com/bludot/goweather/src/github.com/bludot/goweather/weatherAPI.go:59.2,62.16 4 0
github.com/bludot/goweather/src/github.com/bludot/goweather/weatherAPI.go:65.2,66.16 2 0
github.com/bludot/goweather/src/github.com/bludot/goweather/weatherAPI.go:69.2,70.16 2 0
github.com/bludot/goweather/src/github.com/bludot/goweather/weatherAPI.go:74.2,77.17 4 0
github.com/bludot/goweather/src/github.com/bludot/goweather/weatherAPI.go:52.16,55.3 1 0
github.com/bludot/goweather/src/github.com/bludot/goweather/weatherAPI.go:56.16,58.3 1 1
github.com/bludot/goweather/src/github.com/bludot/goweather/weatherAPI.go:62.16,64.3 1 0
github.com/bludot/goweather/src/github.com/bludot/goweather/weatherAPI.go:66.16,68.3 1 0
github.com/bludot/goweather/src/github.com/bludot/goweather/weatherAPI.go:70.16,72.3 1 0
github.com/bludot/goweather/src/github.com/bludot/goweather/httpClient.go:14.17,16.2 1 0
github.com/bludot/goweather/src/github.com/bludot/goweather/locationAPI.go:18.40,21.16 3 1
github.com/bludot/goweather/src/github.com/bludot/goweather/locationAPI.go:24.2,25.16 2 1
github.com/bludot/goweather/src/github.com/bludot/goweather/locationAPI.go:28.2,29.16 2 1
github.com/bludot/goweather/src/github.com/bludot/goweather/locationAPI.go:32.2,34.14 3 1
github.com/bludot/goweather/src/github.com/bludot/goweather/locationAPI.go:21.16,23.3 1 0
github.com/bludot/goweather/src/github.com/bludot/goweather/locationAPI.go:25.16,27.3 1 0
github.com/bludot/goweather/src/github.com/bludot/goweather/locationAPI.go:29.16,31.3 1 0
github.com/bludot/goweather/src/github.com/bludot/goweather/main.go:22.38,24.16 2 1
github.com/bludot/goweather/src/github.com/bludot/goweather/main.go:27.2,28.12 2 1
github.com/bludot/goweather/src/github.com/bludot/goweather/main.go:31.2,31.12 1 1
github.com/bludot/goweather/src/github.com/bludot/goweather/main.go:24.16,26.3 1 0
github.com/bludot/goweather/src/github.com/bludot/goweather/main.go:28.12,30.3 1 0
github.com/bludot/goweather/src/github.com/bludot/goweather/main.go:34.45,42.2 7 0
github.com/bludot/goweather/src/github.com/bludot/goweather/main.go:44.65,46.20 2 0
github.com/bludot/goweather/src/github.com/bludot/goweather/main.go:47.26,49.9 2 0
github.com/bludot/goweather/src/github.com/bludot/goweather/main.go:50.23,54.17 4 0
github.com/bludot/goweather/src/github.com/bludot/goweather/main.go:58.3,59.17 2 0
github.com/bludot/goweather/src/github.com/bludot/goweather/main.go:63.3,65.9 3 0
github.com/bludot/goweather/src/github.com/bludot/goweather/main.go:66.10,69.32 3 0
github.com/bludot/goweather/src/github.com/bludot/goweather/main.go:54.17,57.4 2 0
github.com/bludot/goweather/src/github.com/bludot/goweather/main.go:59.17,62.4 2 0
github.com/bludot/goweather/src/github.com/bludot/goweather/main.go:73.72,75.20 2 0
github.com/bludot/goweather/src/github.com/bludot/goweather/main.go:76.26,78.9 2 0
github.com/bludot/goweather/src/github.com/bludot/goweather/main.go:79.23,83.17 4 0
github.com/bludot/goweather/src/github.com/bludot/goweather/main.go:87.3,88.17 2 0
github.com/bludot/goweather/src/github.com/bludot/goweather/main.go:92.3,94.9 3 0
github.com/bludot/goweather/src/github.com/bludot/goweather/main.go:95.10,98.32 3 0
github.com/bludot/goweather/src/github.com/bludot/goweather/main.go:83.17,86.4 2 0
github.com/bludot/goweather/src/github.com/bludot/goweather/main.go:88.17,91.4 2 0
github.com/bludot/goweather/src/github.com/bludot/goweather/main.go:102.58,109.2 4 0
github.com/bludot/goweather/src/github.com/bludot/goweather/main.go:111.38,128.12 8 1
github.com/bludot/goweather/src/github.com/bludot/goweather/main.go:134.2,134.8 1 1
github.com/bludot/goweather/src/github.com/bludot/goweather/main.go:128.12,129.75 1 1
github.com/bludot/goweather/src/github.com/bludot/goweather/main.go:129.75,131.4 1 0
github.com/bludot/goweather/src/github.com/bludot/goweather/main.go:137.13,154.15 10 0
github.com/bludot/goweather/src/github.com/bludot/goweather/main.go:157.2,157.40 1 0
github.com/bludot/goweather/src/github.com/bludot/goweather/main.go:160.2,160.31 1 0
github.com/bludot/goweather/src/github.com/bludot/goweather/main.go:154.15,156.3 1 0
github.com/bludot/goweather/src/github.com/bludot/goweather/main.go:157.40,159.3 1 0
github.com/bludot/goweather/src/github.com/bludot/goweather/metrics.go:12.22,13.12 1 0
github.com/bludot/goweather/src/github.com/bludot/goweather/metrics.go:13.12,14.7 1 0
github.com/bludot/goweather/src/github.com/bludot/goweather/metrics.go:14.7,17.4 2 0
github.com/bludot/goweather/src/github.com/bludot/goweather/metrics.go:28.21,32.2 3 0
